Started GET "/books" for 127.0.0.1 at 2018-09-17 13:56:32 -0700

PG::ConnectionBad - FATAL:  database "TaskList_development" does not exist
:

Started POST "/__better_errors/b10d498f8d89f1d9/variables" for 127.0.0.1 at 2018-09-17 13:56:33 -0700
Started GET "/" for 127.0.0.1 at 2018-09-17 13:56:37 -0700

PG::ConnectionBad - FATAL:  database "TaskList_development" does not exist
:

Started POST "/__better_errors/4c56a7c9dc8dd551/variables" for 127.0.0.1 at 2018-09-17 13:56:37 -0700
Started GET "/" for 127.0.0.1 at 2018-09-17 13:56:42 -0700

PG::ConnectionBad - FATAL:  database "TaskList_development" does not exist
:

Started POST "/__better_errors/493f4bf25c9aa6f2/variables" for 127.0.0.1 at 2018-09-17 13:56:42 -0700
Started GET "/" for 127.0.0.1 at 2018-09-17 14:07:54 -0700

PG::ConnectionBad - FATAL:  database "TaskList_development" does not exist
:

Started POST "/__better_errors/78a4c43acf273bed/variables" for 127.0.0.1 at 2018-09-17 14:07:55 -0700
  [1m[35m (0.2ms)[0m  [1m[35mDROP DATABASE IF EXISTS "TaskList_development"[0m
  ↳ bin/rails:9
  [1m[35m (0.6ms)[0m  [1m[35mDROP DATABASE IF EXISTS "TaskList_test"[0m
  ↳ bin/rails:9
  [1m[35m (634.1ms)[0m  [1m[35mCREATE DATABASE "TaskList_development" ENCODING = 'unicode'[0m
  ↳ bin/rails:9
  [1m[35m (412.0ms)[0m  [1m[35mCREATE DATABASE "TaskList_test" ENCODING = 'unicode'[0m
  ↳ bin/rails:9
Started GET "/" for 127.0.0.1 at 2018-09-17 14:08:37 -0700
Processing by Rails::WelcomeController#index as HTML
  Rendering /Users/amandaungco/.rvm/gems/ruby-2.4.1/gems/railties-5.2.1/lib/rails/templates/rails/welcome/index.html.erb
  Rendered /Users/amandaungco/.rvm/gems/ruby-2.4.1/gems/railties-5.2.1/lib/rails/templates/rails/welcome/index.html.erb (8.0ms)
Completed 200 OK in 44ms (Views: 24.2ms | ActiveRecord: 0.0ms)


Started GET "/tasks" for 127.0.0.1 at 2018-09-17 14:08:43 -0700
Processing by TasksController#index as HTML
  Rendering tasks/index.html.erb within layouts/application
  Rendered tasks/index.html.erb within layouts/application (0.5ms)
Completed 200 OK in 450ms (Views: 440.2ms | ActiveRecord: 0.0ms)


Started GET "/tasks" for 127.0.0.1 at 2018-09-17 14:24:35 -0700
Processing by TasksController#index as HTML
  Rendering tasks/index.html.erb within layouts/application
  Rendered tasks/index.html.erb within layouts/application (3.6ms)
Completed 200 OK in 107ms (Views: 99.5ms | ActiveRecord: 0.0ms)


Started GET "/tasks" for 127.0.0.1 at 2018-09-17 14:25:58 -0700
Processing by TasksController#index as HTML
  Rendering tasks/index.html.erb within layouts/application
  Rendered tasks/index.html.erb within layouts/application (1.0ms)
Completed 200 OK in 55ms (Views: 49.8ms | ActiveRecord: 0.0ms)


Started GET "/tasks" for 127.0.0.1 at 2018-09-17 14:39:24 -0700
Processing by TasksController#index as HTML
  Rendering tasks/index.html.erb within layouts/application
  Rendered tasks/index.html.erb within layouts/application (0.9ms)
Completed 200 OK in 55ms (Views: 51.9ms | ActiveRecord: 0.0ms)


Started GET "/" for 127.0.0.1 at 2018-09-17 14:39:26 -0700
Processing by Rails::WelcomeController#index as HTML
  Rendering /Users/amandaungco/.rvm/gems/ruby-2.4.1/gems/railties-5.2.1/lib/rails/templates/rails/welcome/index.html.erb
  Rendered /Users/amandaungco/.rvm/gems/ruby-2.4.1/gems/railties-5.2.1/lib/rails/templates/rails/welcome/index.html.erb (18.1ms)
Completed 200 OK in 49ms (Views: 28.7ms | ActiveRecord: 0.0ms)


Started GET "/" for 127.0.0.1 at 2018-09-17 14:39:26 -0700
Processing by Rails::WelcomeController#index as HTML
  Rendering /Users/amandaungco/.rvm/gems/ruby-2.4.1/gems/railties-5.2.1/lib/rails/templates/rails/welcome/index.html.erb
  Rendered /Users/amandaungco/.rvm/gems/ruby-2.4.1/gems/railties-5.2.1/lib/rails/templates/rails/welcome/index.html.erb (12.9ms)
Completed 200 OK in 31ms (Views: 22.1ms | ActiveRecord: 0.0ms)


Started GET "/tasks" for 127.0.0.1 at 2018-09-17 14:46:47 -0700
Processing by TasksController#index as HTML
  Rendering tasks/index.html.erb within layouts/application
  Rendered tasks/index.html.erb within layouts/application (2.0ms)
Completed 200 OK in 151ms (Views: 144.3ms | ActiveRecord: 0.0ms)


Started GET "/tasks" for 127.0.0.1 at 2018-09-17 14:47:01 -0700
Processing by TasksController#index as HTML
  Rendering tasks/index.html.erb within layouts/application
  Rendered tasks/index.html.erb within layouts/application (0.8ms)
Completed 200 OK in 80ms (Views: 75.3ms | ActiveRecord: 0.0ms)


Started GET "/tasks" for 127.0.0.1 at 2018-09-17 14:47:52 -0700
Processing by TasksController#index as HTML
  Rendering tasks/index.html.erb within layouts/application
  Rendered tasks/index.html.erb within layouts/application (0.9ms)
Completed 200 OK in 85ms (Views: 79.2ms | ActiveRecord: 0.0ms)


Started GET "/tasks" for 127.0.0.1 at 2018-09-17 14:48:41 -0700
Processing by TasksController#index as HTML
  Rendering tasks/index.html.erb within layouts/application
  Rendered tasks/index.html.erb within layouts/application (1.1ms)
Completed 200 OK in 112ms (Views: 108.4ms | ActiveRecord: 0.0ms)


Started GET "/tasks" for 127.0.0.1 at 2018-09-17 14:49:22 -0700
Processing by TasksController#index as HTML
  Rendering tasks/index.html.erb within layouts/application
  Rendered tasks/index.html.erb within layouts/application (1.9ms)
Completed 200 OK in 125ms (Views: 120.8ms | ActiveRecord: 0.0ms)


Started GET "/tasks" for 127.0.0.1 at 2018-09-17 14:49:24 -0700
Processing by TasksController#index as HTML
  Rendering tasks/index.html.erb within layouts/application
  Rendered tasks/index.html.erb within layouts/application (1.1ms)
Completed 200 OK in 98ms (Views: 93.0ms | ActiveRecord: 0.0ms)


Started GET "/tasks" for 127.0.0.1 at 2018-09-17 14:50:32 -0700
Processing by TasksController#index as HTML
  Rendering tasks/index.html.erb within layouts/application
  Rendered tasks/index.html.erb within layouts/application (1.1ms)
Completed 200 OK in 47ms (Views: 43.3ms | ActiveRecord: 0.0ms)


Started GET "/books" for 127.0.0.1 at 2018-09-17 16:53:38 -0700
  
ActionController::RoutingError (No route matches [GET] "/books"):
  
actionpack (5.2.1) lib/action_dispatch/middleware/debug_exceptions.rb:65:in `call'
web-console (3.7.0) lib/web_console/middleware.rb:135:in `call_app'
web-console (3.7.0) lib/web_console/middleware.rb:30:in `block in call'
web-console (3.7.0) lib/web_console/middleware.rb:20:in `catch'
web-console (3.7.0) lib/web_console/middleware.rb:20:in `call'
actionpack (5.2.1) lib/action_dispatch/middleware/show_exceptions.rb:33:in `call'
railties (5.2.1) lib/rails/rack/logger.rb:38:in `call_app'
railties (5.2.1) lib/rails/rack/logger.rb:26:in `block in call'
activesupport (5.2.1) lib/active_support/tagged_logging.rb:71:in `block in tagged'
activesupport (5.2.1) lib/active_support/tagged_logging.rb:28:in `tagged'
activesupport (5.2.1) lib/active_support/tagged_logging.rb:71:in `tagged'
railties (5.2.1) lib/rails/rack/logger.rb:26:in `call'
sprockets-rails (3.2.1) lib/sprockets/rails/quiet_assets.rb:13:in `call'
actionpack (5.2.1) lib/action_dispatch/middleware/remote_ip.rb:81:in `call'
actionpack (5.2.1) lib/action_dispatch/middleware/request_id.rb:27:in `call'
rack (2.0.5) lib/rack/method_override.rb:22:in `call'
rack (2.0.5) lib/rack/runtime.rb:22:in `call'
activesupport (5.2.1) lib/active_support/cache/strategy/local_cache_middleware.rb:29:in `call'
actionpack (5.2.1) lib/action_dispatch/middleware/executor.rb:14:in `call'
actionpack (5.2.1) lib/action_dispatch/middleware/static.rb:127:in `call'
rack (2.0.5) lib/rack/sendfile.rb:111:in `call'
railties (5.2.1) lib/rails/engine.rb:524:in `call'
puma (3.12.0) lib/puma/configuration.rb:225:in `call'
puma (3.12.0) lib/puma/server.rb:658:in `handle_request'
puma (3.12.0) lib/puma/server.rb:472:in `process_client'
puma (3.12.0) lib/puma/server.rb:332:in `block in run'
puma (3.12.0) lib/puma/thread_pool.rb:133:in `block in spawn_thread'
Started GET "/tasks" for 127.0.0.1 at 2018-09-17 16:53:39 -0700
Processing by TasksController#index as HTML
  Rendering tasks/index.html.erb within layouts/application
  Rendered tasks/index.html.erb within layouts/application (1.3ms)
Completed 200 OK in 389ms (Views: 381.2ms | ActiveRecord: 0.0ms)


Started GET "/tasks" for 127.0.0.1 at 2018-09-17 16:57:42 -0700
Processing by TasksController#index as HTML
  Rendering tasks/index.html.erb within layouts/application
  Rendered tasks/index.html.erb within layouts/application (1.2ms)
Completed 200 OK in 48ms (Views: 42.8ms | ActiveRecord: 0.0ms)


Started GET "/tasks/1" for 127.0.0.1 at 2018-09-17 16:58:48 -0700
  
ActionController::RoutingError (No route matches [GET] "/tasks/1"):
  
actionpack (5.2.1) lib/action_dispatch/middleware/debug_exceptions.rb:65:in `call'
web-console (3.7.0) lib/web_console/middleware.rb:135:in `call_app'
web-console (3.7.0) lib/web_console/middleware.rb:30:in `block in call'
web-console (3.7.0) lib/web_console/middleware.rb:20:in `catch'
web-console (3.7.0) lib/web_console/middleware.rb:20:in `call'
actionpack (5.2.1) lib/action_dispatch/middleware/show_exceptions.rb:33:in `call'
railties (5.2.1) lib/rails/rack/logger.rb:38:in `call_app'
railties (5.2.1) lib/rails/rack/logger.rb:26:in `block in call'
activesupport (5.2.1) lib/active_support/tagged_logging.rb:71:in `block in tagged'
activesupport (5.2.1) lib/active_support/tagged_logging.rb:28:in `tagged'
activesupport (5.2.1) lib/active_support/tagged_logging.rb:71:in `tagged'
railties (5.2.1) lib/rails/rack/logger.rb:26:in `call'
sprockets-rails (3.2.1) lib/sprockets/rails/quiet_assets.rb:13:in `call'
actionpack (5.2.1) lib/action_dispatch/middleware/remote_ip.rb:81:in `call'
actionpack (5.2.1) lib/action_dispatch/middleware/request_id.rb:27:in `call'
rack (2.0.5) lib/rack/method_override.rb:22:in `call'
rack (2.0.5) lib/rack/runtime.rb:22:in `call'
activesupport (5.2.1) lib/active_support/cache/strategy/local_cache_middleware.rb:29:in `call'
actionpack (5.2.1) lib/action_dispatch/middleware/executor.rb:14:in `call'
actionpack (5.2.1) lib/action_dispatch/middleware/static.rb:127:in `call'
rack (2.0.5) lib/rack/sendfile.rb:111:in `call'
railties (5.2.1) lib/rails/engine.rb:524:in `call'
puma (3.12.0) lib/puma/configuration.rb:225:in `call'
puma (3.12.0) lib/puma/server.rb:658:in `handle_request'
puma (3.12.0) lib/puma/server.rb:472:in `process_client'
puma (3.12.0) lib/puma/server.rb:332:in `block in run'
puma (3.12.0) lib/puma/thread_pool.rb:133:in `block in spawn_thread'
Started GET "/tasks/1" for 127.0.0.1 at 2018-09-17 16:59:07 -0700
  
ActionController::RoutingError (No route matches [GET] "/tasks/1"):
  
actionpack (5.2.1) lib/action_dispatch/middleware/debug_exceptions.rb:65:in `call'
web-console (3.7.0) lib/web_console/middleware.rb:135:in `call_app'
web-console (3.7.0) lib/web_console/middleware.rb:30:in `block in call'
web-console (3.7.0) lib/web_console/middleware.rb:20:in `catch'
web-console (3.7.0) lib/web_console/middleware.rb:20:in `call'
actionpack (5.2.1) lib/action_dispatch/middleware/show_exceptions.rb:33:in `call'
railties (5.2.1) lib/rails/rack/logger.rb:38:in `call_app'
railties (5.2.1) lib/rails/rack/logger.rb:26:in `block in call'
activesupport (5.2.1) lib/active_support/tagged_logging.rb:71:in `block in tagged'
activesupport (5.2.1) lib/active_support/tagged_logging.rb:28:in `tagged'
activesupport (5.2.1) lib/active_support/tagged_logging.rb:71:in `tagged'
railties (5.2.1) lib/rails/rack/logger.rb:26:in `call'
sprockets-rails (3.2.1) lib/sprockets/rails/quiet_assets.rb:13:in `call'
actionpack (5.2.1) lib/action_dispatch/middleware/remote_ip.rb:81:in `call'
actionpack (5.2.1) lib/action_dispatch/middleware/request_id.rb:27:in `call'
rack (2.0.5) lib/rack/method_override.rb:22:in `call'
rack (2.0.5) lib/rack/runtime.rb:22:in `call'
activesupport (5.2.1) lib/active_support/cache/strategy/local_cache_middleware.rb:29:in `call'
actionpack (5.2.1) lib/action_dispatch/middleware/executor.rb:14:in `call'
actionpack (5.2.1) lib/action_dispatch/middleware/static.rb:127:in `call'
rack (2.0.5) lib/rack/sendfile.rb:111:in `call'
railties (5.2.1) lib/rails/engine.rb:524:in `call'
puma (3.12.0) lib/puma/configuration.rb:225:in `call'
puma (3.12.0) lib/puma/server.rb:658:in `handle_request'
puma (3.12.0) lib/puma/server.rb:472:in `process_client'
puma (3.12.0) lib/puma/server.rb:332:in `block in run'
puma (3.12.0) lib/puma/thread_pool.rb:133:in `block in spawn_thread'
Started GET "/tasks" for 127.0.0.1 at 2018-09-17 17:03:11 -0700

SyntaxError - syntax error, unexpected end-of-input, expecting keyword_end:
  app/controllers/tasks_controller.rb:16:in `'

Started POST "/__better_errors/7de8d828e8e602fe/variables" for 127.0.0.1 at 2018-09-17 17:03:12 -0700
Started GET "/tasks" for 127.0.0.1 at 2018-09-17 17:03:29 -0700

SyntaxError - syntax error, unexpected end-of-input, expecting keyword_end:
  app/controllers/tasks_controller.rb:17:in `'

Started POST "/__better_errors/f675879652201bca/variables" for 127.0.0.1 at 2018-09-17 17:03:40 -0700
Started GET "/tasks" for 127.0.0.1 at 2018-09-17 17:04:20 -0700
Processing by TasksController#index as HTML
  Rendering tasks/index.html.erb within layouts/application
  Rendered tasks/index.html.erb within layouts/application (4.5ms)
Completed 200 OK in 354ms (Views: 331.5ms | ActiveRecord: 0.0ms)


Started GET "/tasks/1" for 127.0.0.1 at 2018-09-17 17:04:25 -0700
  
ActionController::RoutingError (No route matches [GET] "/tasks/1"):
  
actionpack (5.2.1) lib/action_dispatch/middleware/debug_exceptions.rb:65:in `call'
web-console (3.7.0) lib/web_console/middleware.rb:135:in `call_app'
web-console (3.7.0) lib/web_console/middleware.rb:30:in `block in call'
web-console (3.7.0) lib/web_console/middleware.rb:20:in `catch'
web-console (3.7.0) lib/web_console/middleware.rb:20:in `call'
actionpack (5.2.1) lib/action_dispatch/middleware/show_exceptions.rb:33:in `call'
railties (5.2.1) lib/rails/rack/logger.rb:38:in `call_app'
railties (5.2.1) lib/rails/rack/logger.rb:26:in `block in call'
activesupport (5.2.1) lib/active_support/tagged_logging.rb:71:in `block in tagged'
activesupport (5.2.1) lib/active_support/tagged_logging.rb:28:in `tagged'
activesupport (5.2.1) lib/active_support/tagged_logging.rb:71:in `tagged'
railties (5.2.1) lib/rails/rack/logger.rb:26:in `call'
sprockets-rails (3.2.1) lib/sprockets/rails/quiet_assets.rb:13:in `call'
actionpack (5.2.1) lib/action_dispatch/middleware/remote_ip.rb:81:in `call'
actionpack (5.2.1) lib/action_dispatch/middleware/request_id.rb:27:in `call'
rack (2.0.5) lib/rack/method_override.rb:22:in `call'
rack (2.0.5) lib/rack/runtime.rb:22:in `call'
activesupport (5.2.1) lib/active_support/cache/strategy/local_cache_middleware.rb:29:in `call'
actionpack (5.2.1) lib/action_dispatch/middleware/executor.rb:14:in `call'
actionpack (5.2.1) lib/action_dispatch/middleware/static.rb:127:in `call'
rack (2.0.5) lib/rack/sendfile.rb:111:in `call'
railties (5.2.1) lib/rails/engine.rb:524:in `call'
puma (3.12.0) lib/puma/configuration.rb:225:in `call'
puma (3.12.0) lib/puma/server.rb:658:in `handle_request'
puma (3.12.0) lib/puma/server.rb:472:in `process_client'
puma (3.12.0) lib/puma/server.rb:332:in `block in run'
puma (3.12.0) lib/puma/thread_pool.rb:133:in `block in spawn_thread'
Started GET "/tasks/1" for 127.0.0.1 at 2018-09-17 17:05:18 -0700

SyntaxError - syntax error, unexpected tIDENTIFIER, expecting keyword_end
  get '/tasks/:id' to: 'tasks#show'
                     ^:
  config/routes.rb:4:in `'

Started POST "/__better_errors/00ab06e98bf6d453/variables" for 127.0.0.1 at 2018-09-17 17:05:19 -0700
Started GET "/tasks/1" for 127.0.0.1 at 2018-09-17 17:05:38 -0700

SyntaxError - syntax error, unexpected tIDENTIFIER, expecting keyword_end
  get '/tasks/:id' to: 'tasks#show'
                     ^:
  config/routes.rb:4:in `'

Started POST "/__better_errors/1a89088ec65c64c0/variables" for 127.0.0.1 at 2018-09-17 17:05:39 -0700
Started GET "/tasks/1" for 127.0.0.1 at 2018-09-17 17:05:50 -0700

SyntaxError - syntax error, unexpected tIDENTIFIER, expecting keyword_end
  get '/tasks/id' to: 'tasks#show'
                    ^:
  config/routes.rb:4:in `'

Started POST "/__better_errors/2068d6a7371155a2/variables" for 127.0.0.1 at 2018-09-17 17:05:51 -0700
Started GET "/tasks/1" for 127.0.0.1 at 2018-09-17 17:06:05 -0700
Processing by TasksController#show as HTML
  Parameters: {"id"=>"1"}
  Rendering tasks/show.html.erb within layouts/application
  Rendered tasks/show.html.erb within layouts/application (2.4ms)
Completed 200 OK in 71ms (Views: 66.4ms | ActiveRecord: 0.0ms)


Started GET "/tasks/1" for 127.0.0.1 at 2018-09-17 17:06:19 -0700
Processing by TasksController#show as HTML
  Parameters: {"id"=>"1"}
  Rendering tasks/show.html.erb within layouts/application
  Rendered tasks/show.html.erb within layouts/application (1.5ms)
Completed 200 OK in 75ms (Views: 70.1ms | ActiveRecord: 0.0ms)


Started GET "/tasks/2" for 127.0.0.1 at 2018-09-17 17:06:24 -0700
Processing by TasksController#show as HTML
  Parameters: {"id"=>"2"}
  Rendering tasks/show.html.erb within layouts/application
  Rendered tasks/show.html.erb within layouts/application (1.3ms)
Completed 200 OK in 45ms (Views: 42.3ms | ActiveRecord: 0.0ms)


Started GET "/tasks/2" for 127.0.0.1 at 2018-09-17 17:06:38 -0700
Processing by TasksController#show as HTML
  Parameters: {"id"=>"2"}
  Rendering tasks/show.html.erb within layouts/application
  Rendered tasks/show.html.erb within layouts/application (4.1ms)
Completed 500 Internal Server Error in 14ms (ActiveRecord: 0.0ms)



NoMethodError - undefined method `[]' for nil:NilClass:
  app/views/tasks/show.html.erb:2:in `_app_views_tasks_show_html_erb__4330641880529924037_70358098973240'

Started POST "/__better_errors/04dee09dbfe9f503/variables" for 127.0.0.1 at 2018-09-17 17:06:38 -0700
Started GET "/tasks/2" for 127.0.0.1 at 2018-09-17 17:08:54 -0700
Processing by TasksController#show as HTML
  Parameters: {"id"=>"2"}
  Rendering tasks/show.html.erb within layouts/application
  Rendered tasks/show.html.erb within layouts/application (10.6ms)
Completed 500 Internal Server Error in 38ms (ActiveRecord: 0.0ms)



NoMethodError - undefined method `[]' for nil:NilClass:
  app/views/tasks/show.html.erb:2:in `_app_views_tasks_show_html_erb__4330641880529924037_70358080754200'

Started POST "/__better_errors/52b30f4cbfd049e8/variables" for 127.0.0.1 at 2018-09-17 17:08:54 -0700
Started GET "/tasks/1" for 127.0.0.1 at 2018-09-17 17:09:30 -0700
Processing by TasksController#show as HTML
  Parameters: {"id"=>"1"}
  Rendering tasks/show.html.erb within layouts/application
  Rendered tasks/show.html.erb within layouts/application (9.7ms)
Completed 500 Internal Server Error in 23ms (ActiveRecord: 0.0ms)



TypeError - no implicit conversion of Symbol into Integer:
  app/views/tasks/show.html.erb:2:in `_app_views_tasks_show_html_erb__4330641880529924037_70358083797040'

Started POST "/__better_errors/4f133df3a6c1bbc1/variables" for 127.0.0.1 at 2018-09-17 17:09:30 -0700
Started GET "/tasks/1" for 127.0.0.1 at 2018-09-17 17:09:48 -0700
Processing by TasksController#show as HTML
  Parameters: {"id"=>"1"}
  Rendering tasks/show.html.erb within layouts/application
  Rendered tasks/show.html.erb within layouts/application (6.4ms)
Completed 500 Internal Server Error in 16ms (ActiveRecord: 0.0ms)



TypeError - no implicit conversion of Symbol into Integer:
  app/views/tasks/show.html.erb:4:in `_app_views_tasks_show_html_erb__4330641880529924037_70358072163000'

Started POST "/__better_errors/137de1508c78fbb5/variables" for 127.0.0.1 at 2018-09-17 17:09:49 -0700
Started GET "/tasks/1" for 127.0.0.1 at 2018-09-17 17:10:45 -0700
Processing by TasksController#show as HTML
  Parameters: {"id"=>"1"}
  Rendering tasks/show.html.erb within layouts/application
  Rendered tasks/show.html.erb within layouts/application (5.8ms)
Completed 500 Internal Server Error in 21ms (ActiveRecord: 0.0ms)



TypeError - no implicit conversion of Symbol into Integer:
  app/views/tasks/show.html.erb:4:in `_app_views_tasks_show_html_erb__4330641880529924037_70358111756140'

Started POST "/__better_errors/c8feb2d63cad77fb/variables" for 127.0.0.1 at 2018-09-17 17:10:45 -0700
Started GET "/tasks/" for 127.0.0.1 at 2018-09-17 17:10:49 -0700
Processing by TasksController#index as HTML
  Rendering tasks/index.html.erb within layouts/application
  Rendered tasks/index.html.erb within layouts/application (1.7ms)
Completed 200 OK in 65ms (Views: 60.4ms | ActiveRecord: 0.0ms)


Started GET "/tasks/2" for 127.0.0.1 at 2018-09-17 17:10:52 -0700
Processing by TasksController#show as HTML
  Parameters: {"id"=>"2"}
  Rendering tasks/show.html.erb within layouts/application
  Rendered tasks/show.html.erb within layouts/application (4.2ms)
Completed 500 Internal Server Error in 16ms (ActiveRecord: 0.0ms)



TypeError - no implicit conversion of Symbol into Integer:
  app/views/tasks/show.html.erb:4:in `_app_views_tasks_show_html_erb__4330641880529924037_70358071649100'

Started POST "/__better_errors/2f13be7bd9257366/variables" for 127.0.0.1 at 2018-09-17 17:10:52 -0700
Started POST "/__better_errors/2f13be7bd9257366/eval" for 127.0.0.1 at 2018-09-17 17:11:13 -0700
Started GET "/tasks/2" for 127.0.0.1 at 2018-09-17 17:11:57 -0700
Processing by TasksController#show as HTML
  Parameters: {"id"=>"2"}
  Rendering tasks/show.html.erb within layouts/application
  Rendered tasks/show.html.erb within layouts/application (6.5ms)
Completed 500 Internal Server Error in 19ms (ActiveRecord: 0.0ms)



TypeError - no implicit conversion of Symbol into Integer:
  app/views/tasks/show.html.erb:4:in `_app_views_tasks_show_html_erb__4330641880529924037_70358069303300'

Started POST "/__better_errors/aa8e11d77c5f2afa/variables" for 127.0.0.1 at 2018-09-17 17:11:57 -0700
Started GET "/tasks/2" for 127.0.0.1 at 2018-09-17 17:12:38 -0700
Processing by TasksController#show as HTML
  Parameters: {"id"=>"2"}
  Rendering tasks/show.html.erb within layouts/application
  Rendered tasks/show.html.erb within layouts/application (2.7ms)
Completed 500 Internal Server Error in 16ms (ActiveRecord: 0.0ms)



SyntaxError - syntax error, unexpected ';', expecting ']'
 '.freeze;@task[:description ;@output_buffer.safe_append='
                              ^:
  app/views/tasks/show.html.erb:12:in `'

Started POST "/__better_errors/8246d5ef854ede3e/variables" for 127.0.0.1 at 2018-09-17 17:12:38 -0700
Started GET "/tasks/2" for 127.0.0.1 at 2018-09-17 17:36:47 -0700
Processing by TasksController#show as HTML
  Parameters: {"id"=>"2"}
  Rendering tasks/show.html.erb within layouts/application
  Rendered tasks/show.html.erb within layouts/application (4.3ms)
Completed 500 Internal Server Error in 24ms (ActiveRecord: 0.0ms)



SyntaxError - syntax error, unexpected ';', expecting ']'
 '.freeze;@task[:description ;@output_buffer.safe_append='
                              ^:
  app/views/tasks/show.html.erb:12:in `'

Started POST "/__better_errors/805adeb90fe24f79/variables" for 127.0.0.1 at 2018-09-17 17:36:48 -0700
Started GET "/tasks/2" for 127.0.0.1 at 2018-09-17 17:37:06 -0700
Processing by TasksController#show as HTML
  Parameters: {"id"=>"2"}
  Rendering tasks/show.html.erb within layouts/application
  Rendered tasks/show.html.erb within layouts/application (2.1ms)
Completed 500 Internal Server Error in 18ms (ActiveRecord: 0.0ms)



SyntaxError - syntax error, unexpected ')', expecting ']'
r.append=(@task[:description );@output_buffer.safe_append='
                              ^
/Users/amandaungco/Ada/cohort-10/7_week/TaskList/app/views/tasks/show.html.erb:14: syntax error, unexpected keyword_end, expecting ')'
'.freeze; end 
             ^
/Users/amandaungco/Ada/cohort-10/7_week/TaskList/app/views/tasks/show.html.erb:16: syntax error, unexpected keyword_ensure, expecting ')'
          ensure
                ^
/Users/amandaungco/Ada/cohort-10/7_week/TaskList/app/views/tasks/show.html.erb:18: syntax error, unexpected keyword_end, expecting ')'
          end
             ^:
  app/views/tasks/show.html.erb:12:in `'

Started POST "/__better_errors/bf4aa23153cff404/variables" for 127.0.0.1 at 2018-09-17 17:37:07 -0700
Started GET "/tasks/2" for 127.0.0.1 at 2018-09-17 17:37:22 -0700
Processing by TasksController#show as HTML
  Parameters: {"id"=>"2"}
  Rendering tasks/show.html.erb within layouts/application
  Rendered tasks/show.html.erb within layouts/application (7.4ms)
Completed 500 Internal Server Error in 21ms (ActiveRecord: 0.0ms)



TypeError - no implicit conversion of Symbol into Integer:
  app/views/tasks/show.html.erb:4:in `_app_views_tasks_show_html_erb__4330641880529924037_70358072852980'

Started POST "/__better_errors/a24fb78ba5cdf348/variables" for 127.0.0.1 at 2018-09-17 17:37:22 -0700
Started GET "/tasks/1" for 127.0.0.1 at 2018-09-17 17:38:16 -0700
Processing by TasksController#show as HTML
  Parameters: {"id"=>"1"}
  Rendering tasks/show.html.erb within layouts/application
  Rendered tasks/show.html.erb within layouts/application (1.8ms)
Completed 500 Internal Server Error in 15ms (ActiveRecord: 0.0ms)



SyntaxError - unknown regexp option - p
/Users/amandaungco/Ada/cohort-10/7_week/TaskList/app/views/tasks/show.html.erb:8: syntax error, unexpected '<'
  <p>
   ^
/Users/amandaungco/Ada/cohort-10/7_week/TaskList/app/views/tasks/show.html.erb:12: syntax error, unexpected tCONSTANT, expecting ')'
  "Description:   '.freeze;@output_buffer.ap
              ^
/Users/amandaungco/Ada/cohort-10/7_week/TaskList/app/views/tasks/show.html.erb:13: syntax error, unexpected '<', expecting ')'
  </p>
   ^
/Users/amandaungco/Ada/cohort-10/7_week/TaskList/app/views/tasks/show.html.erb:13: unterminated regexp meets end of file:
  app/views/tasks/show.html.erb:7:in `'

Started POST "/__better_errors/38a8fdc5596e8647/variables" for 127.0.0.1 at 2018-09-17 17:38:17 -0700
Started GET "/tasks/1" for 127.0.0.1 at 2018-09-17 17:38:52 -0700
Processing by TasksController#show as HTML
  Parameters: {"id"=>"1"}
  Rendering tasks/show.html.erb within layouts/application
  Rendered tasks/show.html.erb within layouts/application (3.8ms)
Completed 500 Internal Server Error in 17ms (ActiveRecord: 0.0ms)



SyntaxError - unknown regexp option - p
/Users/amandaungco/Ada/cohort-10/7_week/TaskList/app/views/tasks/show.html.erb:8: syntax error, unexpected '<'
  <p>
   ^
/Users/amandaungco/Ada/cohort-10/7_week/TaskList/app/views/tasks/show.html.erb:12: syntax error, unexpected tCONSTANT, expecting ')'
  "Description:   '.freeze;@output_buffer.ap
              ^
/Users/amandaungco/Ada/cohort-10/7_week/TaskList/app/views/tasks/show.html.erb:13: syntax error, unexpected '<', expecting ')'
  </p>
   ^
/Users/amandaungco/Ada/cohort-10/7_week/TaskList/app/views/tasks/show.html.erb:13: unterminated regexp meets end of file:
  app/views/tasks/show.html.erb:7:in `'

Started POST "/__better_errors/df4ecb39e32033b4/variables" for 127.0.0.1 at 2018-09-17 17:38:52 -0700
Started GET "/tasks/1" for 127.0.0.1 at 2018-09-17 18:42:27 -0700
Processing by TasksController#show as HTML
  Parameters: {"id"=>"1"}
  Rendering tasks/show.html.erb within layouts/application
  Rendered tasks/show.html.erb within layouts/application (2.4ms)
Completed 500 Internal Server Error in 15ms (ActiveRecord: 0.0ms)



SyntaxError - unknown regexp option - p
/Users/amandaungco/Ada/cohort-10/7_week/TaskList/app/views/tasks/show.html.erb:8: syntax error, unexpected '<'
  <p>
   ^
/Users/amandaungco/Ada/cohort-10/7_week/TaskList/app/views/tasks/show.html.erb:9: syntax error, unexpected tLABEL, expecting keyword_do or '{' or '('
    Due Date: '.freeze;@output_buffer.appen
             ^
/Users/amandaungco/Ada/cohort-10/7_week/TaskList/app/views/tasks/show.html.erb:10: syntax error, unexpected '<', expecting ')'
  </p>
   ^
/Users/amandaungco/Ada/cohort-10/7_week/TaskList/app/views/tasks/show.html.erb:13: unknown regexp option - p
/Users/amandaungco/Ada/cohort-10/7_week/TaskList/app/views/tasks/show.html.erb:14: unterminated string meets end of file
/Users/amandaungco/Ada/cohort-10/7_week/TaskList/app/views/tasks/show.html.erb:14: syntax error, unexpected end-of-input, expecting ')':
  app/views/tasks/show.html.erb:7:in `'

Started POST "/__better_errors/83250e270300a1b2/variables" for 127.0.0.1 at 2018-09-17 18:42:28 -0700
Started GET "/tasks/1" for 127.0.0.1 at 2018-09-17 18:43:43 -0700
Processing by TasksController#show as HTML
  Parameters: {"id"=>"1"}
  Rendering tasks/show.html.erb within layouts/application
  Rendered tasks/show.html.erb within layouts/application (2.6ms)
Completed 500 Internal Server Error in 16ms (ActiveRecord: 0.0ms)



SyntaxError - unknown regexp option - p
/Users/amandaungco/Ada/cohort-10/7_week/TaskList/app/views/tasks/show.html.erb:8: syntax error, unexpected '<'
  <p>
   ^
/Users/amandaungco/Ada/cohort-10/7_week/TaskList/app/views/tasks/show.html.erb:9: syntax error, unexpected tLABEL, expecting keyword_do or '{' or '('
    Due Date: '.freeze;@output_buffer.appen
             ^
/Users/amandaungco/Ada/cohort-10/7_week/TaskList/app/views/tasks/show.html.erb:10: syntax error, unexpected '<', expecting ')'
  </p>
   ^
/Users/amandaungco/Ada/cohort-10/7_week/TaskList/app/views/tasks/show.html.erb:13: unknown regexp option - p
/Users/amandaungco/Ada/cohort-10/7_week/TaskList/app/views/tasks/show.html.erb:14: unterminated string meets end of file
/Users/amandaungco/Ada/cohort-10/7_week/TaskList/app/views/tasks/show.html.erb:14: syntax error, unexpected end-of-input, expecting ')':
  app/views/tasks/show.html.erb:7:in `'

Started POST "/__better_errors/e3a978b6d969a6a8/variables" for 127.0.0.1 at 2018-09-17 18:43:43 -0700
Started GET "/tasks/1" for 127.0.0.1 at 2018-09-17 18:45:02 -0700
Processing by TasksController#show as HTML
  Parameters: {"id"=>"1"}
  Rendering tasks/show.html.erb within layouts/application
  Rendered tasks/show.html.erb within layouts/application (2.8ms)
Completed 500 Internal Server Error in 17ms (ActiveRecord: 0.0ms)



SyntaxError - unknown regexp option - p
/Users/amandaungco/Ada/cohort-10/7_week/TaskList/app/views/tasks/show.html.erb:8: syntax error, unexpected '<'
  <p>
   ^
/Users/amandaungco/Ada/cohort-10/7_week/TaskList/app/views/tasks/show.html.erb:9: syntax error, unexpected tLABEL, expecting keyword_do or '{' or '('
    Due Date: '.freeze;@output_buffer.appen
             ^
/Users/amandaungco/Ada/cohort-10/7_week/TaskList/app/views/tasks/show.html.erb:10: syntax error, unexpected '<', expecting ')'
  </p>
   ^
/Users/amandaungco/Ada/cohort-10/7_week/TaskList/app/views/tasks/show.html.erb:13: unknown regexp option - p
/Users/amandaungco/Ada/cohort-10/7_week/TaskList/app/views/tasks/show.html.erb:14: unterminated string meets end of file
/Users/amandaungco/Ada/cohort-10/7_week/TaskList/app/views/tasks/show.html.erb:14: syntax error, unexpected end-of-input, expecting ')':
  app/views/tasks/show.html.erb:7:in `'

Started POST "/__better_errors/d8d491318bd49c87/variables" for 127.0.0.1 at 2018-09-17 18:45:03 -0700
Started GET "/tasks/1" for 127.0.0.1 at 2018-09-17 18:45:33 -0700
Processing by TasksController#show as HTML
  Parameters: {"id"=>"1"}
  Rendering tasks/show.html.erb within layouts/application
  Rendered tasks/show.html.erb within layouts/application (5.0ms)
Completed 500 Internal Server Error in 18ms (ActiveRecord: 0.0ms)



TypeError - no implicit conversion of Symbol into Integer:
  app/views/tasks/show.html.erb:2:in `_app_views_tasks_show_html_erb__4330641880529924037_70358098920400'

Started POST "/__better_errors/e0d364999b0f9a8a/variables" for 127.0.0.1 at 2018-09-17 18:45:34 -0700
Started GET "/tasks/1" for 127.0.0.1 at 2018-09-17 18:46:02 -0700
Processing by TasksController#show as HTML
  Parameters: {"id"=>"1"}
  Rendering tasks/show.html.erb within layouts/application
  Rendered tasks/show.html.erb within layouts/application (19.1ms)
Completed 500 Internal Server Error in 42ms (ActiveRecord: 0.0ms)



TypeError - no implicit conversion of Symbol into Integer:
  app/views/tasks/show.html.erb:2:in `_app_views_tasks_show_html_erb__4330641880529924037_70358072653080'

Started POST "/__better_errors/06943626a60a31a9/variables" for 127.0.0.1 at 2018-09-17 18:46:02 -0700
Started GET "/tasks/1" for 127.0.0.1 at 2018-09-17 18:46:21 -0700
Processing by TasksController#show as HTML
  Parameters: {"id"=>"1"}
  Rendering tasks/show.html.erb within layouts/application
  Rendered tasks/show.html.erb within layouts/application (4.3ms)
Completed 500 Internal Server Error in 16ms (ActiveRecord: 0.0ms)



TypeError - no implicit conversion of Symbol into Integer:
  app/views/tasks/show.html.erb:2:in `_app_views_tasks_show_html_erb__4330641880529924037_70358112555800'

Started POST "/__better_errors/799da598d15542c5/variables" for 127.0.0.1 at 2018-09-17 18:46:22 -0700
Started GET "/tasks/1" for 127.0.0.1 at 2018-09-17 18:46:26 -0700
Processing by TasksController#show as HTML
  Parameters: {"id"=>"1"}
  Rendering tasks/show.html.erb within layouts/application
  Rendered tasks/show.html.erb within layouts/application (7.7ms)
Completed 500 Internal Server Error in 23ms (ActiveRecord: 0.0ms)



TypeError - no implicit conversion of Symbol into Integer:
  app/views/tasks/show.html.erb:2:in `_app_views_tasks_show_html_erb__4330641880529924037_70358112294680'

Started POST "/__better_errors/14678a2208d60c74/variables" for 127.0.0.1 at 2018-09-17 18:46:27 -0700
Started GET "/tasks/1" for 127.0.0.1 at 2018-09-17 18:46:31 -0700
Processing by TasksController#show as HTML
  Parameters: {"id"=>"1"}
Completed 500 Internal Server Error in 3ms (ActiveRecord: 0.0ms)



RuntimeError - :
  app/controllers/tasks_controller.rb:13:in `show'

Started POST "/__better_errors/5cab8358126ebb22/variables" for 127.0.0.1 at 2018-09-17 18:46:32 -0700
Started POST "/__better_errors/5cab8358126ebb22/eval" for 127.0.0.1 at 2018-09-17 18:46:36 -0700
Started GET "/tasks/1" for 127.0.0.1 at 2018-09-17 18:46:52 -0700
Processing by TasksController#show as HTML
  Parameters: {"id"=>"1"}
Completed 500 Internal Server Error in 2ms (ActiveRecord: 0.0ms)



RuntimeError - :
  app/controllers/tasks_controller.rb:15:in `block in show'
  app/controllers/tasks_controller.rb:13:in `show'

Started POST "/__better_errors/044ef6728b7468a6/variables" for 127.0.0.1 at 2018-09-17 18:46:53 -0700
Started POST "/__better_errors/044ef6728b7468a6/eval" for 127.0.0.1 at 2018-09-17 18:47:06 -0700
Started POST "/__better_errors/044ef6728b7468a6/eval" for 127.0.0.1 at 2018-09-17 18:47:14 -0700
Started GET "/tasks/1" for 127.0.0.1 at 2018-09-17 18:48:16 -0700
Processing by TasksController#show as HTML
  Parameters: {"id"=>"1"}
  Rendering tasks/show.html.erb within layouts/application
  Rendered tasks/show.html.erb within layouts/application (9.8ms)
Completed 500 Internal Server Error in 24ms (ActiveRecord: 0.0ms)



TypeError - no implicit conversion of Symbol into Integer:
  app/views/tasks/show.html.erb:2:in `_app_views_tasks_show_html_erb__4330641880529924037_70358068352060'

Started POST "/__better_errors/5a5d6b12bdd3d122/variables" for 127.0.0.1 at 2018-09-17 18:48:17 -0700
Started POST "/__better_errors/5a5d6b12bdd3d122/eval" for 127.0.0.1 at 2018-09-17 18:48:28 -0700
Started GET "/tasks/1" for 127.0.0.1 at 2018-09-17 18:51:28 -0700

SyntaxError - syntax error, unexpected end-of-input, expecting keyword_end:
  app/controllers/tasks_controller.rb:18:in `'

Started POST "/__better_errors/88469453ea2fecc6/variables" for 127.0.0.1 at 2018-09-17 18:51:29 -0700
Started GET "/tasks/1" for 127.0.0.1 at 2018-09-17 18:51:41 -0700
Processing by TasksController#show as HTML
  Parameters: {"id"=>"1"}
  Rendering tasks/show.html.erb within layouts/application
  Rendered tasks/show.html.erb within layouts/application (5.1ms)
Completed 500 Internal Server Error in 18ms (ActiveRecord: 0.0ms)



TypeError - no implicit conversion of Symbol into Integer:
  app/views/tasks/show.html.erb:2:in `_app_views_tasks_show_html_erb__4330641880529924037_70358072554380'

Started POST "/__better_errors/471eafb62c508604/variables" for 127.0.0.1 at 2018-09-17 18:51:42 -0700
Started GET "/tasks/1" for 127.0.0.1 at 2018-09-17 18:51:53 -0700
Processing by TasksController#show as HTML
  Parameters: {"id"=>"1"}
Completed 500 Internal Server Error in 3ms (ActiveRecord: 0.0ms)



RuntimeError - :
  app/controllers/tasks_controller.rb:15:in `block in show'
  app/controllers/tasks_controller.rb:13:in `show'

Started POST "/__better_errors/3c1c76738bcf5312/variables" for 127.0.0.1 at 2018-09-17 18:51:53 -0700
Started POST "/__better_errors/3c1c76738bcf5312/eval" for 127.0.0.1 at 2018-09-17 18:51:57 -0700
Started POST "/__better_errors/3c1c76738bcf5312/eval" for 127.0.0.1 at 2018-09-17 18:52:00 -0700
Started GET "/tasks/1" for 127.0.0.1 at 2018-09-17 18:54:20 -0700
Processing by TasksController#show as HTML
  Parameters: {"id"=>"1"}
  Rendering tasks/show.html.erb within layouts/application
  Rendered tasks/show.html.erb within layouts/application (1.2ms)
Completed 200 OK in 84ms (Views: 79.1ms | ActiveRecord: 0.0ms)


Started GET "/tasks/1" for 127.0.0.1 at 2018-09-17 18:54:33 -0700
Processing by TasksController#show as HTML
  Parameters: {"id"=>"1"}
Completed 500 Internal Server Error in 347ms (ActiveRecord: 0.0ms)



NameError - undefined local variable or method `id' for #<TasksController:0x007ffb0930a050>
Did you mean?  @id:
  app/controllers/tasks_controller.rb:14:in `block in show'
  app/controllers/tasks_controller.rb:13:in `show'

Started POST "/__better_errors/0d0019f7a66b01c6/variables" for 127.0.0.1 at 2018-09-17 18:54:34 -0700
Started GET "/tasks/1" for 127.0.0.1 at 2018-09-17 18:54:49 -0700
Processing by TasksController#show as HTML
  Parameters: {"id"=>"1"}
Completed 500 Internal Server Error in 347ms (ActiveRecord: 0.0ms)



NameError - undefined local variable or method `id' for #<TasksController:0x007ffb0aa54378>
Did you mean?  @id:
  app/controllers/tasks_controller.rb:14:in `block in show'
  app/controllers/tasks_controller.rb:13:in `show'

Started POST "/__better_errors/da01c7c45aaf2ef7/variables" for 127.0.0.1 at 2018-09-17 18:54:50 -0700
Started GET "/tasks/1" for 127.0.0.1 at 2018-09-17 18:54:58 -0700
Processing by TasksController#show as HTML
  Parameters: {"id"=>"1"}
Completed 500 Internal Server Error in 339ms (ActiveRecord: 0.0ms)



NameError - undefined local variable or method `id' for #<TasksController:0x007ffb0a91efa8>
Did you mean?  @id:
  app/controllers/tasks_controller.rb:14:in `block in show'
  app/controllers/tasks_controller.rb:13:in `show'

Started POST "/__better_errors/0e96f74d801be9bb/variables" for 127.0.0.1 at 2018-09-17 18:54:58 -0700
Started GET "/tasks/1" for 127.0.0.1 at 2018-09-17 18:55:23 -0700
Processing by TasksController#show as HTML
  Parameters: {"id"=>"1"}
  Rendering tasks/show.html.erb within layouts/application
  Rendered tasks/show.html.erb within layouts/application (1.3ms)
Completed 200 OK in 63ms (Views: 58.6ms | ActiveRecord: 0.0ms)


Started GET "/tasks/1" for 127.0.0.1 at 2018-09-17 18:55:38 -0700
Processing by TasksController#show as HTML
  Parameters: {"id"=>"1"}
  Rendering tasks/show.html.erb within layouts/application
  Rendered tasks/show.html.erb within layouts/application (1.2ms)
Completed 200 OK in 34ms (Views: 30.4ms | ActiveRecord: 0.0ms)


Started GET "/" for 127.0.0.1 at 2018-09-17 18:55:56 -0700
Processing by Rails::WelcomeController#index as HTML
  Rendering /Users/amandaungco/.rvm/gems/ruby-2.4.1/gems/railties-5.2.1/lib/rails/templates/rails/welcome/index.html.erb
  Rendered /Users/amandaungco/.rvm/gems/ruby-2.4.1/gems/railties-5.2.1/lib/rails/templates/rails/welcome/index.html.erb (4.3ms)
Completed 200 OK in 34ms (Views: 10.2ms | ActiveRecord: 0.0ms)


Started GET "/" for 127.0.0.1 at 2018-09-17 18:55:56 -0700
Processing by Rails::WelcomeController#index as HTML
  Rendering /Users/amandaungco/.rvm/gems/ruby-2.4.1/gems/railties-5.2.1/lib/rails/templates/rails/welcome/index.html.erb
  Rendered /Users/amandaungco/.rvm/gems/ruby-2.4.1/gems/railties-5.2.1/lib/rails/templates/rails/welcome/index.html.erb (3.3ms)
Completed 200 OK in 13ms (Views: 8.5ms | ActiveRecord: 0.0ms)


Started GET "/tasks/2" for 127.0.0.1 at 2018-09-17 18:56:04 -0700
Processing by TasksController#show as HTML
  Parameters: {"id"=>"2"}
  Rendering tasks/show.html.erb within layouts/application
  Rendered tasks/show.html.erb within layouts/application (1.5ms)
Completed 200 OK in 42ms (Views: 37.1ms | ActiveRecord: 0.0ms)


Started GET "/tasks" for 127.0.0.1 at 2018-09-17 18:56:30 -0700
Processing by TasksController#index as HTML
  Rendering tasks/index.html.erb within layouts/application
  Rendered tasks/index.html.erb within layouts/application (3.7ms)
Completed 200 OK in 99ms (Views: 91.0ms | ActiveRecord: 0.0ms)


Started GET "/tasks" for 127.0.0.1 at 2018-09-18 09:03:05 -0700
Processing by TasksController#index as HTML
  Rendering tasks/index.html.erb within layouts/application
  Rendered tasks/index.html.erb within layouts/application (8.4ms)
Completed 200 OK in 152ms (Views: 137.9ms | ActiveRecord: 0.0ms)


Started GET "/tasks/2" for 127.0.0.1 at 2018-09-18 09:17:03 -0700
Processing by TasksController#show as HTML
  Parameters: {"id"=>"2"}
  Rendering tasks/show.html.erb within layouts/application
  Rendered tasks/show.html.erb within layouts/application (5.1ms)
Completed 500 Internal Server Error in 37ms (ActiveRecord: 0.0ms)



SyntaxError - syntax error, unexpected keyword_ensure, expecting keyword_end
          ensure
                ^
/Users/amandaungco/Ada/cohort-10/7_week/TaskList/app/views/tasks/show.html.erb:18: syntax error, unexpected end-of-input, expecting keyword_end:
  app/views/tasks/show.html.erb:16:in `'

Started POST "/__better_errors/9c80b79481c940a1/variables" for 127.0.0.1 at 2018-09-18 09:17:04 -0700
Started GET "/tasks/2" for 127.0.0.1 at 2018-09-18 09:17:29 -0700
Processing by TasksController#show as HTML
  Parameters: {"id"=>"2"}
  Rendering tasks/show.html.erb within layouts/application
  Rendered tasks/show.html.erb within layouts/application (9.5ms)
Completed 200 OK in 300ms (Views: 295.8ms | ActiveRecord: 0.0ms)


Started GET "/tasks/88" for 127.0.0.1 at 2018-09-18 09:17:34 -0700
Processing by TasksController#show as HTML
  Parameters: {"id"=>"88"}
  Rendering tasks/show.html.erb within layouts/application
  Rendered tasks/show.html.erb within layouts/application (1.6ms)
Completed 200 OK in 43ms (Views: 39.3ms | ActiveRecord: 0.0ms)


  [1m[35m (592.5ms)[0m  [1m[35mDROP DATABASE IF EXISTS "TaskList_development"[0m
  ↳ bin/rails:9
  [1m[35m (395.6ms)[0m  [1m[35mDROP DATABASE IF EXISTS "TaskList_test"[0m
  ↳ bin/rails:9
  [1m[35m (649.4ms)[0m  [1m[35mCREATE DATABASE "TaskList_development" ENCODING = 'unicode'[0m
  ↳ bin/rails:9
  [1m[35m (439.5ms)[0m  [1m[35mCREATE DATABASE "TaskList_test" ENCODING = 'unicode'[0m
  ↳ bin/rails:9
  [1m[35m (29.1ms)[0m  [1m[35mCREATE TABLE "schema_migrations" ("version" character varying NOT NULL PRIMARY KEY)[0m
  ↳ bin/rails:9
  [1m[35m (7.3ms)[0m  [1m[35mCREATE TABLE "ar_internal_metadata" ("key" character varying NOT NULL PRIMARY KEY, "value" character varying, "created_at" timestamp NOT NULL, "updated_at" timestamp NOT NULL)[0m
  ↳ bin/rails:9
  [1m[35m (0.4ms)[0m  [1m[34mSELECT pg_try_advisory_lock(4169262226251541860)[0m
  ↳ bin/rails:9
  [1m[35m (1.3ms)[0m  [1m[34mSELECT "schema_migrations"."version" FROM "schema_migrations" ORDER BY "schema_migrations"."version" ASC[0m
  ↳ bin/rails:9
Migrating to CreateTasks (20180918211648)
  [1m[35m (0.2ms)[0m  [1m[35mBEGIN[0m
  ↳ bin/rails:9
  [1m[35m (10.3ms)[0m  [1m[35mCREATE TABLE "tasks" ("id" bigserial primary key, "name" character varying, "description" character varying, "completion_date" character varying, "created_at" timestamp NOT NULL, "updated_at" timestamp NOT NULL)[0m
  ↳ db/migrate/20180918211648_create_tasks.rb:3
  [1m[36mActiveRecord::SchemaMigration Create (0.8ms)[0m  [1m[32mINSERT INTO "schema_migrations" ("version") VALUES ($1) RETURNING "version"[0m  [["version", "20180918211648"]]
  ↳ bin/rails:9
  [1m[35m (0.8ms)[0m  [1m[35mCOMMIT[0m
  ↳ bin/rails:9
  [1m[36mActiveRecord::InternalMetadata Load (0.7ms)[0m  [1m[34mSELECT  "ar_internal_metadata".* FROM "ar_internal_metadata" WHERE "ar_internal_metadata"."key" = $1 LIMIT $2[0m  [["key", "environment"], ["LIMIT", 1]]
  ↳ bin/rails:9
  [1m[35m (0.3ms)[0m  [1m[35mBEGIN[0m
  ↳ bin/rails:9
  [1m[36mActiveRecord::InternalMetadata Create (1.6ms)[0m  [1m[32mINSERT INTO "ar_internal_metadata" ("key", "value", "created_at", "updated_at") VALUES ($1, $2, $3, $4) RETURNING "key"[0m  [["key", "environment"], ["value", "development"], ["created_at", "2018-09-18 21:17:00.693614"], ["updated_at", "2018-09-18 21:17:00.693614"]]
  ↳ bin/rails:9
  [1m[35m (2.9ms)[0m  [1m[35mCOMMIT[0m
  ↳ bin/rails:9
  [1m[35m (0.5ms)[0m  [1m[34mSELECT pg_advisory_unlock(4169262226251541860)[0m
  ↳ bin/rails:9
  [1m[35m (0.4ms)[0m  [1m[34mSELECT "schema_migrations"."version" FROM "schema_migrations" ORDER BY "schema_migrations"."version" ASC[0m
  ↳ bin/rails:9
  [1m[35m (2.0ms)[0m  [1m[34mSELECT "schema_migrations"."version" FROM "schema_migrations" ORDER BY "schema_migrations"."version" ASC[0m
  ↳ bin/rails:9
  [1m[35m (0.2ms)[0m  [1m[35mBEGIN[0m
  [1m[36mTask Create (3.2ms)[0m  [1m[32mINSERT INTO "tasks" ("name", "description", "completion_date", "created_at", "updated_at") VALUES ($1, $2, $3, $4, $5) RETURNING "id"[0m  [["name", "Read Poodr"], ["description", "Read Poodr Ch4 and think about life choices"], ["completion_date", "2018-09-30"], ["created_at", "2018-09-18 21:19:14.710643"], ["updated_at", "2018-09-18 21:19:14.710643"]]
  [1m[35m (4.8ms)[0m  [1m[35mCOMMIT[0m
  [1m[36mTask Load (0.9ms)[0m  [1m[34mSELECT "tasks".* FROM "tasks"[0m
  [1m[36mTask Load (0.8ms)[0m  [1m[34mSELECT "tasks".* FROM "tasks"[0m
  [1m[35m (0.4ms)[0m  [1m[35mBEGIN[0m
  [1m[36mTask Create (0.8ms)[0m  [1m[32mINSERT INTO "tasks" ("name", "description", "completion_date", "created_at", "updated_at") VALUES ($1, $2, $3, $4, $5) RETURNING "id"[0m  [["name", "Hotel Refactor"], ["description", "Refactor Hotel and DRY"], ["completion_date", "2018-09-30"], ["created_at", "2018-09-18 21:21:04.622342"], ["updated_at", "2018-09-18 21:21:04.622342"]]
  [1m[35m (0.9ms)[0m  [1m[35mCOMMIT[0m
  [1m[35m (0.4ms)[0m  [1m[35mBEGIN[0m
  [1m[36mTask Create (0.5ms)[0m  [1m[32mINSERT INTO "tasks" ("name", "description", "created_at", "updated_at") VALUES ($1, $2, $3, $4) RETURNING "id"[0m  [["name", "Nordstrom Card"], ["description", "Call number on back of card and pay bill"], ["created_at", "2018-09-18 21:21:51.463233"], ["updated_at", "2018-09-18 21:21:51.463233"]]
  [1m[35m (0.6ms)[0m  [1m[35mCOMMIT[0m
Started GET "/tasks" for 127.0.0.1 at 2018-09-18 14:25:01 -0700
  [1m[35m (1.4ms)[0m  [1m[34mSELECT "schema_migrations"."version" FROM "schema_migrations" ORDER BY "schema_migrations"."version" ASC[0m
  ↳ /Users/amandaungco/.rvm/gems/ruby-2.4.1/gems/activerecord-5.2.1/lib/active_record/log_subscriber.rb:98

SyntaxError - syntax error, unexpected keyword_end, expecting end-of-input:
  app/controllers/tasks_controller.rb:17:in `'

Started POST "/__better_errors/eeba84008be58db2/variables" for 127.0.0.1 at 2018-09-18 14:25:03 -0700
Started GET "/tasks" for 127.0.0.1 at 2018-09-18 14:25:12 -0700
Started GET "/tasks" for 127.0.0.1 at 2018-09-18 14:25:22 -0700
Processing by TasksController#index as HTML
  Rendering tasks/index.html.erb within layouts/application
  [1m[36mTask Load (1.1ms)[0m  [1m[34mSELECT "tasks".* FROM "tasks"[0m
  ↳ app/views/tasks/index.html.erb:2
  Rendered tasks/index.html.erb within layouts/application (36.2ms)
Completed 200 OK in 338ms (Views: 299.9ms | ActiveRecord: 16.9ms)


Processing by TasksController#index as HTML
  Rendering tasks/index.html.erb within layouts/application
  [1m[36mTask Load (0.5ms)[0m  [1m[34mSELECT "tasks".* FROM "tasks"[0m
  ↳ app/views/tasks/index.html.erb:2
  Rendered tasks/index.html.erb within layouts/application (30.2ms)
Completed 200 OK in 105ms (Views: 88.0ms | ActiveRecord: 10.1ms)


Started GET "/tasks" for 127.0.0.1 at 2018-09-18 14:26:45 -0700
Processing by TasksController#index as HTML
  Rendering tasks/index.html.erb within layouts/application
  [1m[36mTask Load (0.7ms)[0m  [1m[34mSELECT "tasks".* FROM "tasks"[0m
  ↳ app/views/tasks/index.html.erb:2
  Rendered tasks/index.html.erb within layouts/application (3.3ms)
Completed 200 OK in 38ms (Views: 33.8ms | ActiveRecord: 0.7ms)


Started GET "/tasks" for 127.0.0.1 at 2018-09-18 14:27:03 -0700
Processing by TasksController#index as HTML
  Rendering tasks/index.html.erb within layouts/application
  [1m[36mTask Load (0.4ms)[0m  [1m[34mSELECT "tasks".* FROM "tasks"[0m
  ↳ app/views/tasks/index.html.erb:2
  Rendered tasks/index.html.erb within layouts/application (2.8ms)
Completed 200 OK in 41ms (Views: 36.4ms | ActiveRecord: 0.4ms)


Started GET "/Tasks/1" for 127.0.0.1 at 2018-09-18 14:27:09 -0700
  
ActionController::RoutingError (No route matches [GET] "/Tasks/1"):
  
actionpack (5.2.1) lib/action_dispatch/middleware/debug_exceptions.rb:65:in `call'
web-console (3.7.0) lib/web_console/middleware.rb:135:in `call_app'
web-console (3.7.0) lib/web_console/middleware.rb:30:in `block in call'
web-console (3.7.0) lib/web_console/middleware.rb:20:in `catch'
web-console (3.7.0) lib/web_console/middleware.rb:20:in `call'
actionpack (5.2.1) lib/action_dispatch/middleware/show_exceptions.rb:33:in `call'
railties (5.2.1) lib/rails/rack/logger.rb:38:in `call_app'
railties (5.2.1) lib/rails/rack/logger.rb:26:in `block in call'
activesupport (5.2.1) lib/active_support/tagged_logging.rb:71:in `block in tagged'
activesupport (5.2.1) lib/active_support/tagged_logging.rb:28:in `tagged'
activesupport (5.2.1) lib/active_support/tagged_logging.rb:71:in `tagged'
railties (5.2.1) lib/rails/rack/logger.rb:26:in `call'
sprockets-rails (3.2.1) lib/sprockets/rails/quiet_assets.rb:13:in `call'
actionpack (5.2.1) lib/action_dispatch/middleware/remote_ip.rb:81:in `call'
actionpack (5.2.1) lib/action_dispatch/middleware/request_id.rb:27:in `call'
rack (2.0.5) lib/rack/method_override.rb:22:in `call'
rack (2.0.5) lib/rack/runtime.rb:22:in `call'
activesupport (5.2.1) lib/active_support/cache/strategy/local_cache_middleware.rb:29:in `call'
actionpack (5.2.1) lib/action_dispatch/middleware/executor.rb:14:in `call'
actionpack (5.2.1) lib/action_dispatch/middleware/static.rb:127:in `call'
rack (2.0.5) lib/rack/sendfile.rb:111:in `call'
railties (5.2.1) lib/rails/engine.rb:524:in `call'
puma (3.12.0) lib/puma/configuration.rb:225:in `call'
puma (3.12.0) lib/puma/server.rb:658:in `handle_request'
puma (3.12.0) lib/puma/server.rb:472:in `process_client'
puma (3.12.0) lib/puma/server.rb:332:in `block in run'
puma (3.12.0) lib/puma/thread_pool.rb:133:in `block in spawn_thread'
Started GET "/tasks" for 127.0.0.1 at 2018-09-18 14:27:41 -0700
Processing by TasksController#index as HTML
  Rendering tasks/index.html.erb within layouts/application
  [1m[36mTask Load (10.2ms)[0m  [1m[34mSELECT "tasks".* FROM "tasks"[0m
  ↳ app/views/tasks/index.html.erb:2
  Rendered tasks/index.html.erb within layouts/application (14.4ms)
Completed 200 OK in 136ms (Views: 120.6ms | ActiveRecord: 10.2ms)


Started GET "/Tasks/1" for 127.0.0.1 at 2018-09-18 14:27:48 -0700
  
ActionController::RoutingError (No route matches [GET] "/Tasks/1"):
  
actionpack (5.2.1) lib/action_dispatch/middleware/debug_exceptions.rb:65:in `call'
web-console (3.7.0) lib/web_console/middleware.rb:135:in `call_app'
web-console (3.7.0) lib/web_console/middleware.rb:30:in `block in call'
web-console (3.7.0) lib/web_console/middleware.rb:20:in `catch'
web-console (3.7.0) lib/web_console/middleware.rb:20:in `call'
actionpack (5.2.1) lib/action_dispatch/middleware/show_exceptions.rb:33:in `call'
railties (5.2.1) lib/rails/rack/logger.rb:38:in `call_app'
railties (5.2.1) lib/rails/rack/logger.rb:26:in `block in call'
activesupport (5.2.1) lib/active_support/tagged_logging.rb:71:in `block in tagged'
activesupport (5.2.1) lib/active_support/tagged_logging.rb:28:in `tagged'
activesupport (5.2.1) lib/active_support/tagged_logging.rb:71:in `tagged'
railties (5.2.1) lib/rails/rack/logger.rb:26:in `call'
sprockets-rails (3.2.1) lib/sprockets/rails/quiet_assets.rb:13:in `call'
actionpack (5.2.1) lib/action_dispatch/middleware/remote_ip.rb:81:in `call'
actionpack (5.2.1) lib/action_dispatch/middleware/request_id.rb:27:in `call'
rack (2.0.5) lib/rack/method_override.rb:22:in `call'
rack (2.0.5) lib/rack/runtime.rb:22:in `call'
activesupport (5.2.1) lib/active_support/cache/strategy/local_cache_middleware.rb:29:in `call'
actionpack (5.2.1) lib/action_dispatch/middleware/executor.rb:14:in `call'
actionpack (5.2.1) lib/action_dispatch/middleware/static.rb:127:in `call'
rack (2.0.5) lib/rack/sendfile.rb:111:in `call'
railties (5.2.1) lib/rails/engine.rb:524:in `call'
puma (3.12.0) lib/puma/configuration.rb:225:in `call'
puma (3.12.0) lib/puma/server.rb:658:in `handle_request'
puma (3.12.0) lib/puma/server.rb:472:in `process_client'
puma (3.12.0) lib/puma/server.rb:332:in `block in run'
puma (3.12.0) lib/puma/thread_pool.rb:133:in `block in spawn_thread'
Started GET "/tasks" for 127.0.0.1 at 2018-09-18 14:27:49 -0700
Processing by TasksController#index as HTML
  Rendering tasks/index.html.erb within layouts/application
  [1m[36mTask Load (0.7ms)[0m  [1m[34mSELECT "tasks".* FROM "tasks"[0m
  ↳ app/views/tasks/index.html.erb:2
  Rendered tasks/index.html.erb within layouts/application (8.4ms)
Completed 200 OK in 75ms (Views: 70.1ms | ActiveRecord: 0.7ms)


Started GET "/tasks" for 127.0.0.1 at 2018-09-18 14:29:38 -0700
Processing by TasksController#index as HTML
  Rendering tasks/index.html.erb within layouts/application
  [1m[36mTask Load (2.1ms)[0m  [1m[34mSELECT "tasks".* FROM "tasks"[0m
  ↳ app/views/tasks/index.html.erb:2
  Rendered tasks/index.html.erb within layouts/application (38.7ms)
Completed 200 OK in 81ms (Views: 74.3ms | ActiveRecord: 2.1ms)


Started GET "/Tasks/1" for 127.0.0.1 at 2018-09-18 14:29:46 -0700
  
ActionController::RoutingError (No route matches [GET] "/Tasks/1"):
  
actionpack (5.2.1) lib/action_dispatch/middleware/debug_exceptions.rb:65:in `call'
web-console (3.7.0) lib/web_console/middleware.rb:135:in `call_app'
web-console (3.7.0) lib/web_console/middleware.rb:30:in `block in call'
web-console (3.7.0) lib/web_console/middleware.rb:20:in `catch'
web-console (3.7.0) lib/web_console/middleware.rb:20:in `call'
actionpack (5.2.1) lib/action_dispatch/middleware/show_exceptions.rb:33:in `call'
railties (5.2.1) lib/rails/rack/logger.rb:38:in `call_app'
railties (5.2.1) lib/rails/rack/logger.rb:26:in `block in call'
activesupport (5.2.1) lib/active_support/tagged_logging.rb:71:in `block in tagged'
activesupport (5.2.1) lib/active_support/tagged_logging.rb:28:in `tagged'
activesupport (5.2.1) lib/active_support/tagged_logging.rb:71:in `tagged'
railties (5.2.1) lib/rails/rack/logger.rb:26:in `call'
sprockets-rails (3.2.1) lib/sprockets/rails/quiet_assets.rb:13:in `call'
actionpack (5.2.1) lib/action_dispatch/middleware/remote_ip.rb:81:in `call'
actionpack (5.2.1) lib/action_dispatch/middleware/request_id.rb:27:in `call'
rack (2.0.5) lib/rack/method_override.rb:22:in `call'
rack (2.0.5) lib/rack/runtime.rb:22:in `call'
activesupport (5.2.1) lib/active_support/cache/strategy/local_cache_middleware.rb:29:in `call'
actionpack (5.2.1) lib/action_dispatch/middleware/executor.rb:14:in `call'
actionpack (5.2.1) lib/action_dispatch/middleware/static.rb:127:in `call'
rack (2.0.5) lib/rack/sendfile.rb:111:in `call'
railties (5.2.1) lib/rails/engine.rb:524:in `call'
puma (3.12.0) lib/puma/configuration.rb:225:in `call'
puma (3.12.0) lib/puma/server.rb:658:in `handle_request'
puma (3.12.0) lib/puma/server.rb:472:in `process_client'
puma (3.12.0) lib/puma/server.rb:332:in `block in run'
puma (3.12.0) lib/puma/thread_pool.rb:133:in `block in spawn_thread'
Started GET "/tasks" for 127.0.0.1 at 2018-09-18 14:29:51 -0700
Processing by TasksController#index as HTML
  Rendering tasks/index.html.erb within layouts/application
  [1m[36mTask Load (0.5ms)[0m  [1m[34mSELECT "tasks".* FROM "tasks"[0m
  ↳ app/views/tasks/index.html.erb:2
  Rendered tasks/index.html.erb within layouts/application (2.7ms)
Completed 200 OK in 56ms (Views: 51.5ms | ActiveRecord: 0.5ms)


Started GET "/Tasks/2" for 127.0.0.1 at 2018-09-18 14:29:53 -0700
  
ActionController::RoutingError (No route matches [GET] "/Tasks/2"):
  
actionpack (5.2.1) lib/action_dispatch/middleware/debug_exceptions.rb:65:in `call'
web-console (3.7.0) lib/web_console/middleware.rb:135:in `call_app'
web-console (3.7.0) lib/web_console/middleware.rb:30:in `block in call'
web-console (3.7.0) lib/web_console/middleware.rb:20:in `catch'
web-console (3.7.0) lib/web_console/middleware.rb:20:in `call'
actionpack (5.2.1) lib/action_dispatch/middleware/show_exceptions.rb:33:in `call'
railties (5.2.1) lib/rails/rack/logger.rb:38:in `call_app'
railties (5.2.1) lib/rails/rack/logger.rb:26:in `block in call'
activesupport (5.2.1) lib/active_support/tagged_logging.rb:71:in `block in tagged'
activesupport (5.2.1) lib/active_support/tagged_logging.rb:28:in `tagged'
activesupport (5.2.1) lib/active_support/tagged_logging.rb:71:in `tagged'
railties (5.2.1) lib/rails/rack/logger.rb:26:in `call'
sprockets-rails (3.2.1) lib/sprockets/rails/quiet_assets.rb:13:in `call'
actionpack (5.2.1) lib/action_dispatch/middleware/remote_ip.rb:81:in `call'
actionpack (5.2.1) lib/action_dispatch/middleware/request_id.rb:27:in `call'
rack (2.0.5) lib/rack/method_override.rb:22:in `call'
rack (2.0.5) lib/rack/runtime.rb:22:in `call'
activesupport (5.2.1) lib/active_support/cache/strategy/local_cache_middleware.rb:29:in `call'
actionpack (5.2.1) lib/action_dispatch/middleware/executor.rb:14:in `call'
actionpack (5.2.1) lib/action_dispatch/middleware/static.rb:127:in `call'
rack (2.0.5) lib/rack/sendfile.rb:111:in `call'
railties (5.2.1) lib/rails/engine.rb:524:in `call'
puma (3.12.0) lib/puma/configuration.rb:225:in `call'
puma (3.12.0) lib/puma/server.rb:658:in `handle_request'
puma (3.12.0) lib/puma/server.rb:472:in `process_client'
puma (3.12.0) lib/puma/server.rb:332:in `block in run'
puma (3.12.0) lib/puma/thread_pool.rb:133:in `block in spawn_thread'
Started GET "/tasks" for 127.0.0.1 at 2018-09-18 14:29:56 -0700
Processing by TasksController#index as HTML
  Rendering tasks/index.html.erb within layouts/application
  [1m[36mTask Load (2.9ms)[0m  [1m[34mSELECT "tasks".* FROM "tasks"[0m
  ↳ app/views/tasks/index.html.erb:2
  Rendered tasks/index.html.erb within layouts/application (5.5ms)
Completed 200 OK in 49ms (Views: 42.1ms | ActiveRecord: 2.9ms)


Started GET "/Tasks/3" for 127.0.0.1 at 2018-09-18 14:29:58 -0700
  
ActionController::RoutingError (No route matches [GET] "/Tasks/3"):
  
actionpack (5.2.1) lib/action_dispatch/middleware/debug_exceptions.rb:65:in `call'
web-console (3.7.0) lib/web_console/middleware.rb:135:in `call_app'
web-console (3.7.0) lib/web_console/middleware.rb:30:in `block in call'
web-console (3.7.0) lib/web_console/middleware.rb:20:in `catch'
web-console (3.7.0) lib/web_console/middleware.rb:20:in `call'
actionpack (5.2.1) lib/action_dispatch/middleware/show_exceptions.rb:33:in `call'
railties (5.2.1) lib/rails/rack/logger.rb:38:in `call_app'
railties (5.2.1) lib/rails/rack/logger.rb:26:in `block in call'
activesupport (5.2.1) lib/active_support/tagged_logging.rb:71:in `block in tagged'
activesupport (5.2.1) lib/active_support/tagged_logging.rb:28:in `tagged'
activesupport (5.2.1) lib/active_support/tagged_logging.rb:71:in `tagged'
railties (5.2.1) lib/rails/rack/logger.rb:26:in `call'
sprockets-rails (3.2.1) lib/sprockets/rails/quiet_assets.rb:13:in `call'
actionpack (5.2.1) lib/action_dispatch/middleware/remote_ip.rb:81:in `call'
actionpack (5.2.1) lib/action_dispatch/middleware/request_id.rb:27:in `call'
rack (2.0.5) lib/rack/method_override.rb:22:in `call'
rack (2.0.5) lib/rack/runtime.rb:22:in `call'
activesupport (5.2.1) lib/active_support/cache/strategy/local_cache_middleware.rb:29:in `call'
actionpack (5.2.1) lib/action_dispatch/middleware/executor.rb:14:in `call'
actionpack (5.2.1) lib/action_dispatch/middleware/static.rb:127:in `call'
rack (2.0.5) lib/rack/sendfile.rb:111:in `call'
railties (5.2.1) lib/rails/engine.rb:524:in `call'
puma (3.12.0) lib/puma/configuration.rb:225:in `call'
puma (3.12.0) lib/puma/server.rb:658:in `handle_request'
puma (3.12.0) lib/puma/server.rb:472:in `process_client'
puma (3.12.0) lib/puma/server.rb:332:in `block in run'
puma (3.12.0) lib/puma/thread_pool.rb:133:in `block in spawn_thread'
Started GET "/tasks" for 127.0.0.1 at 2018-09-18 14:30:00 -0700
Processing by TasksController#index as HTML
  Rendering tasks/index.html.erb within layouts/application
  [1m[36mTask Load (0.6ms)[0m  [1m[34mSELECT "tasks".* FROM "tasks"[0m
  ↳ app/views/tasks/index.html.erb:2
  Rendered tasks/index.html.erb within layouts/application (4.5ms)
Completed 200 OK in 90ms (Views: 84.8ms | ActiveRecord: 0.6ms)


  [1m[36mTask Load (0.7ms)[0m  [1m[34mSELECT "tasks".* FROM "tasks"[0m
Started GET "/Tasks/1" for 127.0.0.1 at 2018-09-18 14:31:38 -0700
  
ActionController::RoutingError (No route matches [GET] "/Tasks/1"):
  
actionpack (5.2.1) lib/action_dispatch/middleware/debug_exceptions.rb:65:in `call'
web-console (3.7.0) lib/web_console/middleware.rb:135:in `call_app'
web-console (3.7.0) lib/web_console/middleware.rb:30:in `block in call'
web-console (3.7.0) lib/web_console/middleware.rb:20:in `catch'
web-console (3.7.0) lib/web_console/middleware.rb:20:in `call'
actionpack (5.2.1) lib/action_dispatch/middleware/show_exceptions.rb:33:in `call'
railties (5.2.1) lib/rails/rack/logger.rb:38:in `call_app'
railties (5.2.1) lib/rails/rack/logger.rb:26:in `block in call'
activesupport (5.2.1) lib/active_support/tagged_logging.rb:71:in `block in tagged'
activesupport (5.2.1) lib/active_support/tagged_logging.rb:28:in `tagged'
activesupport (5.2.1) lib/active_support/tagged_logging.rb:71:in `tagged'
railties (5.2.1) lib/rails/rack/logger.rb:26:in `call'
sprockets-rails (3.2.1) lib/sprockets/rails/quiet_assets.rb:13:in `call'
actionpack (5.2.1) lib/action_dispatch/middleware/remote_ip.rb:81:in `call'
actionpack (5.2.1) lib/action_dispatch/middleware/request_id.rb:27:in `call'
rack (2.0.5) lib/rack/method_override.rb:22:in `call'
rack (2.0.5) lib/rack/runtime.rb:22:in `call'
activesupport (5.2.1) lib/active_support/cache/strategy/local_cache_middleware.rb:29:in `call'
actionpack (5.2.1) lib/action_dispatch/middleware/executor.rb:14:in `call'
actionpack (5.2.1) lib/action_dispatch/middleware/static.rb:127:in `call'
rack (2.0.5) lib/rack/sendfile.rb:111:in `call'
railties (5.2.1) lib/rails/engine.rb:524:in `call'
puma (3.12.0) lib/puma/configuration.rb:225:in `call'
puma (3.12.0) lib/puma/server.rb:658:in `handle_request'
puma (3.12.0) lib/puma/server.rb:472:in `process_client'
puma (3.12.0) lib/puma/server.rb:332:in `block in run'
puma (3.12.0) lib/puma/thread_pool.rb:133:in `block in spawn_thread'
Started GET "/tasks" for 127.0.0.1 at 2018-09-18 14:31:40 -0700
Processing by TasksController#index as HTML
  Rendering tasks/index.html.erb within layouts/application
  [1m[36mTask Load (0.9ms)[0m  [1m[34mSELECT "tasks".* FROM "tasks"[0m
  ↳ app/views/tasks/index.html.erb:2
  Rendered tasks/index.html.erb within layouts/application (7.5ms)
Completed 200 OK in 67ms (Views: 61.6ms | ActiveRecord: 0.9ms)


Started GET "/Tasks/1" for 127.0.0.1 at 2018-09-18 14:31:43 -0700
  
ActionController::RoutingError (No route matches [GET] "/Tasks/1"):
  
actionpack (5.2.1) lib/action_dispatch/middleware/debug_exceptions.rb:65:in `call'
web-console (3.7.0) lib/web_console/middleware.rb:135:in `call_app'
web-console (3.7.0) lib/web_console/middleware.rb:30:in `block in call'
web-console (3.7.0) lib/web_console/middleware.rb:20:in `catch'
web-console (3.7.0) lib/web_console/middleware.rb:20:in `call'
actionpack (5.2.1) lib/action_dispatch/middleware/show_exceptions.rb:33:in `call'
railties (5.2.1) lib/rails/rack/logger.rb:38:in `call_app'
railties (5.2.1) lib/rails/rack/logger.rb:26:in `block in call'
activesupport (5.2.1) lib/active_support/tagged_logging.rb:71:in `block in tagged'
activesupport (5.2.1) lib/active_support/tagged_logging.rb:28:in `tagged'
activesupport (5.2.1) lib/active_support/tagged_logging.rb:71:in `tagged'
railties (5.2.1) lib/rails/rack/logger.rb:26:in `call'
sprockets-rails (3.2.1) lib/sprockets/rails/quiet_assets.rb:13:in `call'
actionpack (5.2.1) lib/action_dispatch/middleware/remote_ip.rb:81:in `call'
actionpack (5.2.1) lib/action_dispatch/middleware/request_id.rb:27:in `call'
rack (2.0.5) lib/rack/method_override.rb:22:in `call'
rack (2.0.5) lib/rack/runtime.rb:22:in `call'
activesupport (5.2.1) lib/active_support/cache/strategy/local_cache_middleware.rb:29:in `call'
actionpack (5.2.1) lib/action_dispatch/middleware/executor.rb:14:in `call'
actionpack (5.2.1) lib/action_dispatch/middleware/static.rb:127:in `call'
rack (2.0.5) lib/rack/sendfile.rb:111:in `call'
railties (5.2.1) lib/rails/engine.rb:524:in `call'
puma (3.12.0) lib/puma/configuration.rb:225:in `call'
puma (3.12.0) lib/puma/server.rb:658:in `handle_request'
puma (3.12.0) lib/puma/server.rb:472:in `process_client'
puma (3.12.0) lib/puma/server.rb:332:in `block in run'
puma (3.12.0) lib/puma/thread_pool.rb:133:in `block in spawn_thread'
Started GET "/tasks" for 127.0.0.1 at 2018-09-18 14:31:45 -0700
Processing by TasksController#index as HTML
  Rendering tasks/index.html.erb within layouts/application
  [1m[36mTask Load (9.2ms)[0m  [1m[34mSELECT "tasks".* FROM "tasks"[0m
  ↳ app/views/tasks/index.html.erb:2
  Rendered tasks/index.html.erb within layouts/application (13.1ms)
Completed 200 OK in 108ms (Views: 94.9ms | ActiveRecord: 9.2ms)


Started GET "/Tasks/1" for 127.0.0.1 at 2018-09-18 14:32:14 -0700
  
ActionController::RoutingError (No route matches [GET] "/Tasks/1"):
  
actionpack (5.2.1) lib/action_dispatch/middleware/debug_exceptions.rb:65:in `call'
web-console (3.7.0) lib/web_console/middleware.rb:135:in `call_app'
web-console (3.7.0) lib/web_console/middleware.rb:30:in `block in call'
web-console (3.7.0) lib/web_console/middleware.rb:20:in `catch'
web-console (3.7.0) lib/web_console/middleware.rb:20:in `call'
actionpack (5.2.1) lib/action_dispatch/middleware/show_exceptions.rb:33:in `call'
railties (5.2.1) lib/rails/rack/logger.rb:38:in `call_app'
railties (5.2.1) lib/rails/rack/logger.rb:26:in `block in call'
activesupport (5.2.1) lib/active_support/tagged_logging.rb:71:in `block in tagged'
activesupport (5.2.1) lib/active_support/tagged_logging.rb:28:in `tagged'
activesupport (5.2.1) lib/active_support/tagged_logging.rb:71:in `tagged'
railties (5.2.1) lib/rails/rack/logger.rb:26:in `call'
sprockets-rails (3.2.1) lib/sprockets/rails/quiet_assets.rb:13:in `call'
actionpack (5.2.1) lib/action_dispatch/middleware/remote_ip.rb:81:in `call'
actionpack (5.2.1) lib/action_dispatch/middleware/request_id.rb:27:in `call'
rack (2.0.5) lib/rack/method_override.rb:22:in `call'
rack (2.0.5) lib/rack/runtime.rb:22:in `call'
activesupport (5.2.1) lib/active_support/cache/strategy/local_cache_middleware.rb:29:in `call'
actionpack (5.2.1) lib/action_dispatch/middleware/executor.rb:14:in `call'
actionpack (5.2.1) lib/action_dispatch/middleware/static.rb:127:in `call'
rack (2.0.5) lib/rack/sendfile.rb:111:in `call'
railties (5.2.1) lib/rails/engine.rb:524:in `call'
puma (3.12.0) lib/puma/configuration.rb:225:in `call'
puma (3.12.0) lib/puma/server.rb:658:in `handle_request'
puma (3.12.0) lib/puma/server.rb:472:in `process_client'
puma (3.12.0) lib/puma/server.rb:332:in `block in run'
puma (3.12.0) lib/puma/thread_pool.rb:133:in `block in spawn_thread'
  [1m[35m (1.0ms)[0m  [1m[34mSELECT "schema_migrations"."version" FROM "schema_migrations" ORDER BY "schema_migrations"."version" ASC[0m
  ↳ bin/rails:9
Started GET "/Tasks/4" for 127.0.0.1 at 2018-09-18 14:33:27 -0700
  
ActionController::RoutingError (No route matches [GET] "/Tasks/4"):
  
actionpack (5.2.1) lib/action_dispatch/middleware/debug_exceptions.rb:65:in `call'
web-console (3.7.0) lib/web_console/middleware.rb:135:in `call_app'
web-console (3.7.0) lib/web_console/middleware.rb:30:in `block in call'
web-console (3.7.0) lib/web_console/middleware.rb:20:in `catch'
web-console (3.7.0) lib/web_console/middleware.rb:20:in `call'
actionpack (5.2.1) lib/action_dispatch/middleware/show_exceptions.rb:33:in `call'
railties (5.2.1) lib/rails/rack/logger.rb:38:in `call_app'
railties (5.2.1) lib/rails/rack/logger.rb:26:in `block in call'
activesupport (5.2.1) lib/active_support/tagged_logging.rb:71:in `block in tagged'
activesupport (5.2.1) lib/active_support/tagged_logging.rb:28:in `tagged'
activesupport (5.2.1) lib/active_support/tagged_logging.rb:71:in `tagged'
railties (5.2.1) lib/rails/rack/logger.rb:26:in `call'
sprockets-rails (3.2.1) lib/sprockets/rails/quiet_assets.rb:13:in `call'
actionpack (5.2.1) lib/action_dispatch/middleware/remote_ip.rb:81:in `call'
actionpack (5.2.1) lib/action_dispatch/middleware/request_id.rb:27:in `call'
rack (2.0.5) lib/rack/method_override.rb:22:in `call'
rack (2.0.5) lib/rack/runtime.rb:22:in `call'
activesupport (5.2.1) lib/active_support/cache/strategy/local_cache_middleware.rb:29:in `call'
actionpack (5.2.1) lib/action_dispatch/middleware/executor.rb:14:in `call'
actionpack (5.2.1) lib/action_dispatch/middleware/static.rb:127:in `call'
rack (2.0.5) lib/rack/sendfile.rb:111:in `call'
railties (5.2.1) lib/rails/engine.rb:524:in `call'
puma (3.12.0) lib/puma/configuration.rb:225:in `call'
puma (3.12.0) lib/puma/server.rb:658:in `handle_request'
puma (3.12.0) lib/puma/server.rb:472:in `process_client'
puma (3.12.0) lib/puma/server.rb:332:in `block in run'
puma (3.12.0) lib/puma/thread_pool.rb:133:in `block in spawn_thread'
Started GET "/tasks/4" for 127.0.0.1 at 2018-09-18 14:34:54 -0700
Processing by TasksController#show as HTML
  Parameters: {"id"=>"4"}
  [1m[36mTask Load (1.0ms)[0m  [1m[34mSELECT  "tasks".* FROM "tasks" WHERE "tasks"."id" = $1 LIMIT $2[0m  [["id", 4], ["LIMIT", 1]]
  ↳ app/controllers/tasks_controller.rb:13
  Rendering tasks/show.html.erb within layouts/application
  Rendered tasks/show.html.erb within layouts/application (2.3ms)
Completed 500 Internal Server Error in 36ms (ActiveRecord: 1.5ms)



SyntaxError - syntax error, unexpected tSYMBEG, expecting '('
output_buffer.append=( @task.:description );@output_buffer.s
                              ^:
  app/views/tasks/show.html.erb:9:in `'

Started POST "/__better_errors/35a5f073bdfa2af7/variables" for 127.0.0.1 at 2018-09-18 14:34:55 -0700
Started GET "/tasks/4" for 127.0.0.1 at 2018-09-18 14:35:09 -0700
Processing by TasksController#show as HTML
  Parameters: {"id"=>"4"}
  [1m[36mTask Load (1.0ms)[0m  [1m[34mSELECT  "tasks".* FROM "tasks" WHERE "tasks"."id" = $1 LIMIT $2[0m  [["id", 4], ["LIMIT", 1]]
  ↳ app/controllers/tasks_controller.rb:13
  Rendering tasks/show.html.erb within layouts/application
  Rendered tasks/show.html.erb within layouts/application (1.0ms)
Completed 200 OK in 52ms (Views: 45.2ms | ActiveRecord: 1.0ms)


Started GET "/tasks" for 127.0.0.1 at 2018-09-18 14:35:13 -0700
Processing by TasksController#index as HTML
  Rendering tasks/index.html.erb within layouts/application
  [1m[36mTask Load (65.1ms)[0m  [1m[34mSELECT "tasks".* FROM "tasks"[0m
  ↳ app/views/tasks/index.html.erb:2
  Rendered tasks/index.html.erb within layouts/application (67.7ms)
Completed 200 OK in 132ms (Views: 59.7ms | ActiveRecord: 65.1ms)


Started GET "/Tasks/2" for 127.0.0.1 at 2018-09-18 14:35:14 -0700
  
ActionController::RoutingError (No route matches [GET] "/Tasks/2"):
  
actionpack (5.2.1) lib/action_dispatch/middleware/debug_exceptions.rb:65:in `call'
web-console (3.7.0) lib/web_console/middleware.rb:135:in `call_app'
web-console (3.7.0) lib/web_console/middleware.rb:30:in `block in call'
web-console (3.7.0) lib/web_console/middleware.rb:20:in `catch'
web-console (3.7.0) lib/web_console/middleware.rb:20:in `call'
actionpack (5.2.1) lib/action_dispatch/middleware/show_exceptions.rb:33:in `call'
railties (5.2.1) lib/rails/rack/logger.rb:38:in `call_app'
railties (5.2.1) lib/rails/rack/logger.rb:26:in `block in call'
activesupport (5.2.1) lib/active_support/tagged_logging.rb:71:in `block in tagged'
activesupport (5.2.1) lib/active_support/tagged_logging.rb:28:in `tagged'
activesupport (5.2.1) lib/active_support/tagged_logging.rb:71:in `tagged'
railties (5.2.1) lib/rails/rack/logger.rb:26:in `call'
sprockets-rails (3.2.1) lib/sprockets/rails/quiet_assets.rb:13:in `call'
actionpack (5.2.1) lib/action_dispatch/middleware/remote_ip.rb:81:in `call'
actionpack (5.2.1) lib/action_dispatch/middleware/request_id.rb:27:in `call'
rack (2.0.5) lib/rack/method_override.rb:22:in `call'
rack (2.0.5) lib/rack/runtime.rb:22:in `call'
activesupport (5.2.1) lib/active_support/cache/strategy/local_cache_middleware.rb:29:in `call'
actionpack (5.2.1) lib/action_dispatch/middleware/executor.rb:14:in `call'
actionpack (5.2.1) lib/action_dispatch/middleware/static.rb:127:in `call'
rack (2.0.5) lib/rack/sendfile.rb:111:in `call'
railties (5.2.1) lib/rails/engine.rb:524:in `call'
puma (3.12.0) lib/puma/configuration.rb:225:in `call'
puma (3.12.0) lib/puma/server.rb:658:in `handle_request'
puma (3.12.0) lib/puma/server.rb:472:in `process_client'
puma (3.12.0) lib/puma/server.rb:332:in `block in run'
puma (3.12.0) lib/puma/thread_pool.rb:133:in `block in spawn_thread'
Started GET "/tasks/2" for 127.0.0.1 at 2018-09-18 14:35:21 -0700
Processing by TasksController#show as HTML
  Parameters: {"id"=>"2"}
  [1m[36mTask Load (0.6ms)[0m  [1m[34mSELECT  "tasks".* FROM "tasks" WHERE "tasks"."id" = $1 LIMIT $2[0m  [["id", 2], ["LIMIT", 1]]
  ↳ app/controllers/tasks_controller.rb:13
  Rendering tasks/show.html.erb within layouts/application
  Rendered tasks/show.html.erb within layouts/application (1.8ms)
Completed 200 OK in 41ms (Views: 34.3ms | ActiveRecord: 0.6ms)


Started GET "/tasks" for 127.0.0.1 at 2018-09-18 14:35:54 -0700
Processing by TasksController#index as HTML
  Rendering tasks/index.html.erb within layouts/application
  [1m[36mTask Load (0.4ms)[0m  [1m[34mSELECT "tasks".* FROM "tasks"[0m
  ↳ app/views/tasks/index.html.erb:2
  Rendered tasks/index.html.erb within layouts/application (2.6ms)
Completed 200 OK in 46ms (Views: 42.4ms | ActiveRecord: 0.4ms)


Started GET "/tasks/3" for 127.0.0.1 at 2018-09-18 14:35:56 -0700
Processing by TasksController#show as HTML
  Parameters: {"id"=>"3"}
  [1m[36mTask Load (81.5ms)[0m  [1m[34mSELECT  "tasks".* FROM "tasks" WHERE "tasks"."id" = $1 LIMIT $2[0m  [["id", 3], ["LIMIT", 1]]
  ↳ app/controllers/tasks_controller.rb:13
  Rendering tasks/show.html.erb within layouts/application
  Rendered tasks/show.html.erb within layouts/application (1.3ms)
Completed 200 OK in 152ms (Views: 63.7ms | ActiveRecord: 81.5ms)


